# JRE version: OpenJDK Runtime Environment (8.0_151-b12) (build 1.8.0_151-8u151-b12-0ubuntu0.16.04.2-b12)
# Java VM: OpenJDK 64-Bit Server VM (25.151-b12 mixed mode linux-amd64 compressed oops)
Heap:
 garbage-first heap   total 286720K, used 189686K [0x00000000c0000000, 0x00000000c01008c0, 0x0000000100000000)
  region size 1024K, 53 young (54272K), 9 survivors (9216K)
 Metaspace       used 139299K, capacity 153512K, committed 153752K, reserved 1183744K
  class space    used 16021K, capacity 19871K, committed 19916K, reserved 1048576K
GC Heap History (10 events):
Event: 7712,766 GC heap before
{Heap before GC invocations=124 (full 0):
 garbage-first heap   total 286720K, used 248787K [0x00000000c0000000, 0x00000000c01008c0, 0x0000000100000000)
  region size 1024K, 132 young (135168K), 6 survivors (6144K)
 Metaspace       used 137100K, capacity 151180K, committed 151192K, reserved 1181696K
  class space    used 15823K, capacity 19657K, committed 19660K, reserved 1048576K
Event: 7712,785 GC heap after
Heap after GC invocations=125 (full 0):
 garbage-first heap   total 286720K, used 119265K [0x00000000c0000000, 0x00000000c01008c0, 0x0000000100000000)
  region size 1024K, 5 young (5120K), 5 survivors (5120K)
 Metaspace       used 137100K, capacity 151180K, committed 151192K, reserved 1181696K
  class space    used 15823K, capacity 19657K, committed 19660K, reserved 1048576K
}
Event: 9088,530 GC heap before
{Heap before GC invocations=125 (full 0):
 garbage-first heap   total 286720K, used 250337K [0x00000000c0000000, 0x00000000c01008c0, 0x0000000100000000)
  region size 1024K, 133 young (136192K), 5 survivors (5120K)
 Metaspace       used 137163K, capacity 151244K, committed 151448K, reserved 1181696K
  class space    used 15823K, capacity 19657K, committed 19660K, reserved 1048576K
Event: 9088,564 GC heap after
Heap after GC invocations=126 (full 0):
 garbage-first heap   total 286720K, used 119819K [0x00000000c0000000, 0x00000000c01008c0, 0x0000000100000000)
  region size 1024K, 6 young (6144K), 6 survivors (6144K)
 Metaspace       used 137163K, capacity 151244K, committed 151448K, reserved 1181696K
  class space    used 15823K, capacity 19657K, committed 19660K, reserved 1048576K
}
Event: 9556,352 GC heap before
{Heap before GC invocations=126 (full 0):
 garbage-first heap   total 286720K, used 248843K [0x00000000c0000000, 0x00000000c01008c0, 0x0000000100000000)
  region size 1024K, 132 young (135168K), 6 survivors (6144K)
 Metaspace       used 137506K, capacity 151570K, committed 151832K, reserved 1181696K
  class space    used 15863K, capacity 19740K, committed 19788K, reserved 1048576K
Event: 9556,373 GC heap after
Heap after GC invocations=127 (full 0):
 garbage-first heap   total 286720K, used 120862K [0x00000000c0000000, 0x00000000c01008c0, 0x0000000100000000)
  region size 1024K, 7 young (7168K), 7 survivors (7168K)
 Metaspace       used 137506K, capacity 151570K, committed 151832K, reserved 1181696K
  class space    used 15863K, capacity 19740K, committed 19788K, reserved 1048576K
}
Event: 9568,245 GC heap before
{Heap before GC invocations=127 (full 0):
 garbage-first heap   total 286720K, used 247838K [0x00000000c0000000, 0x00000000c01008c0, 0x0000000100000000)
  region size 1024K, 131 young (134144K), 7 survivors (7168K)
 Metaspace       used 137738K, capacity 151952K, committed 152088K, reserved 1181696K
  class space    used 15881K, capacity 19781K, committed 19788K, reserved 1048576K
Event: 9568,263 GC heap after
Heap after GC invocations=128 (full 0):
 garbage-first heap   total 286720K, used 121893K [0x00000000c0000000, 0x00000000c01008c0, 0x0000000100000000)
  region size 1024K, 8 young (8192K), 8 survivors (8192K)
 Metaspace       used 137738K, capacity 151952K, committed 152088K, reserved 1181696K
  class space    used 15881K, capacity 19781K, committed 19788K, reserved 1048576K
}
Event: 9571,885 GC heap before
{Heap before GC invocations=128 (full 0):
 garbage-first heap   total 286720K, used 193810K [0x00000000c0000000, 0x00000000c01008c0, 0x0000000100000000)
  region size 1024K, 69 young (70656K), 8 survivors (8192K)
 Metaspace       used 139037K, capacity 153148K, committed 153496K, reserved 1183744K
  class space    used 15993K, capacity 19830K, committed 19916K, reserved 1048576K
Event: 9571,919 GC heap after
Heap after GC invocations=129 (full 0):
 garbage-first heap   total 286720K, used 123863K [0x00000000c0000000, 0x00000000c01008c0, 0x0000000100000000)
  region size 1024K, 9 young (9216K), 9 survivors (9216K)
 Metaspace       used 139037K, capacity 153148K, committed 153496K, reserved 1183744K
  class space    used 15993K, capacity 19830K, committed 19916K, reserved 1048576K
}

